<?xml version="1.0" encoding="UTF-8"?>
<!-- Generated by org.testng.reporters.JUnitReportReporter -->
<testsuite hostname="BrkingBad" failures="0" tests="1" name="test.AddCustomerTest" time="13.666" errors="0" timestamp="2023-10-16T01:57:01 CDT" skipped="0">
  <testcase classname="test.AddCustomerTest" name="userShouldBeAbleToAddCustomer" time="13.666"/>
  <system-out/>
</testsuite> <!-- test.AddCustomerTest -->
