<?xml version="1.0" encoding="UTF-8"?>
<!-- Generated by org.testng.reporters.JUnitReportReporter -->
<testsuite hostname="BrkingBad" failures="0" tests="1" name="util.BrowserFactory" time="2.826" errors="0" timestamp="2023-10-15T00:44:10 CDT" skipped="0">
  <testcase classname="util.BrowserFactory" name="setup" time="2.826"/>
</testsuite> <!-- util.BrowserFactory -->
