<?xml version="1.0" encoding="UTF-8"?>
<!-- Generated by org.testng.reporters.JUnitReportReporter -->
<testsuite hostname="BrkingBad" failures="0" tests="1" name="test.LoginTest" time="8.823" errors="0" timestamp="2023-10-16T12:12:40 CDT" skipped="0">
  <testcase classname="test.LoginTest" name="userShouldBeAbleToLogin" time="8.823"/>
  <system-out/>
</testsuite> <!-- test.LoginTest -->
